<?xml version="1.0" encoding="UTF-8"?>
<testsuites name="hasil" time="15.202" tests="3" failures="0" errors="0">
   <testsuite name="hasil" tests="3" failures="0" errors="0" time="15.202" skipped="0" timestamp="18-04-2024T09:43:46" hostname="tegar - host.docker.internal" id="Test Suites/hasil">
      <properties>
         <property name="deviceName" value=""/>
         <property name="devicePlatform" value=""/>
         <property name="logFolder" value="C:\\Users\\tegar\\Katalon Studio\\study_case\\Reports\\20240418_094336\\hasil\\20240418_094336"/>
         <property name="logFiles" value="C:\\Users\\tegar\\Katalon Studio\\study_case\\Reports\\20240418_094336\\hasil\\20240418_094336\\execution0.log"/>
         <property name="attachments" value=""/>
         <property name="hostName" value="tegar - host.docker.internal"/>
         <property name="os" value="Windows 10 64bit"/>
         <property name="katalonVersion" value="9.4.0.212"/>
         <property name="browser" value="Chrome 124.0.0.0"/>
         <property name="hostAddress" value="192.168.18.26"/>
         <property name="sessionId" value="377c04e2c077a8508ca1d092b612d0a5"/>
         <property name="seleniumVersion" value="3.141.59"/>
         <property name="proxyInformation" value="ProxyInformation { proxyOption=NO_PROXY, proxyServerType=HTTP, username=, password=********, proxyServerAddress=, proxyServerPort=0, executionList=&quot;&quot;, isApplyToDesiredCapabilities=true }"/>
         <property name="platform" value="Windows 10"/>
      </properties>
      <testcase name="Test Cases/study case" time="7.395" classname="Test Cases/study case" status="PASSED">
         <system-out><![CDATA[18-04-2024T09:43:46 - [TEST_CASE][PASSED] - Test Cases/study case: Test Cases/study case

18-04-2024T09:43:47 - [TEST_STEP][PASSED] - data = findTestData("Data Files/Users"): null

18-04-2024T09:43:48 - [TEST_STEP][PASSED] - username = data.getObjectValue("Username", 1): null

18-04-2024T09:43:48 - [TEST_STEP][PASSED] - password = data.getObjectValue("Password", 1): null

18-04-2024T09:43:48 - [TEST_STEP][PASSED] - comment(username): admin

18-04-2024T09:43:48 - [MESSAGE][INFO] - admin

18-04-2024T09:43:48 - [TEST_STEP][PASSED] - openBrowser(""): Browser is opened with url: ''

18-04-2024T09:43:49 - [MESSAGE][INFO] - Starting 'Chrome' driver

18-04-2024T09:43:49 - [MESSAGE][INFO] - Action delay is set to 0 milliseconds

18-04-2024T09:43:51 - [MESSAGE][PASSED] - Browser is opened with url: ''

18-04-2024T09:43:51 - [TEST_STEP][PASSED] - navigateToUrl("https://tepand51.github.io/automation-qa-test-main.io/"): Navigate to 'https://tepand51.github.io/automation-qa-test-main.io/' successfully

18-04-2024T09:43:52 - [MESSAGE][PASSED] - Navigate to 'https://tepand51.github.io/automation-qa-test-main.io/' successfully

18-04-2024T09:43:52 - [TEST_STEP][PASSED] - login.Login.login(): login.Login.login is PASSED

18-04-2024T09:43:53 - [MESSAGE][PASSED] - Text 'admin' is set on object 'Object Repository/Page_Login Page/input_Username_username'

18-04-2024T09:43:53 - [MESSAGE][PASSED] - Text ****** has been set on object 'Object Repository/Page_Login Page/input_Password_password'

18-04-2024T09:43:54 - [MESSAGE][PASSED] - Object: 'Object Repository/Page_Login Page/button_Login' is clicked on

18-04-2024T09:43:54 - [MESSAGE][PASSED] - login.Login.login is PASSED]]></system-out>
         <system-err><![CDATA[]]></system-err>
      </testcase>
      <testcase name="Test Cases/study case 2" time="3.679" classname="Test Cases/study case 2" status="PASSED">
         <system-out><![CDATA[18-04-2024T09:43:54 - [TEST_CASE][PASSED] - Test Cases/study case 2: Test Cases/study case 2

18-04-2024T09:43:54 - [TEST_STEP][PASSED] - openBrowser(""): Browser is opened with url: ''

18-04-2024T09:43:54 - [MESSAGE][WARNING] - A browser is already opened. Closing browser and opening a new one

18-04-2024T09:43:54 - [MESSAGE][INFO] - Starting 'Chrome' driver

18-04-2024T09:43:54 - [MESSAGE][INFO] - Action delay is set to 0 milliseconds

18-04-2024T09:43:55 - [MESSAGE][PASSED] - Browser is opened with url: ''

18-04-2024T09:43:55 - [TEST_STEP][PASSED] - navigateToUrl("https://tepand51.github.io/automation-qa-test-main.io/"): Navigate to 'https://tepand51.github.io/automation-qa-test-main.io/' successfully

18-04-2024T09:43:56 - [MESSAGE][PASSED] - Navigate to 'https://tepand51.github.io/automation-qa-test-main.io/' successfully

18-04-2024T09:43:56 - [TEST_STEP][PASSED] - setText(findTestObject("Object Repository/Page_Login Page/input_Username_username"), "user"): Text 'user' is set on object 'Object Repository/Page_Login Page/input_Username_username'

18-04-2024T09:43:57 - [MESSAGE][PASSED] - Text 'user' is set on object 'Object Repository/Page_Login Page/input_Username_username'

18-04-2024T09:43:57 - [TEST_STEP][PASSED] - setEncryptedText(findTestObject("Object Repository/Page_Login Page/input_Password_password"), "aeHFOx8jV/A="): Text ****** has been set on object 'Object Repository/Page_Login Page/input_Password_password'

18-04-2024T09:43:57 - [MESSAGE][PASSED] - Text ****** has been set on object 'Object Repository/Page_Login Page/input_Password_password'

18-04-2024T09:43:57 - [TEST_STEP][PASSED] - click(findTestObject("Object Repository/Page_Login Page/button_Login")): Object: 'Object Repository/Page_Login Page/button_Login' is clicked on

18-04-2024T09:43:57 - [MESSAGE][PASSED] - Object: 'Object Repository/Page_Login Page/button_Login' is clicked on]]></system-out>
         <system-err><![CDATA[]]></system-err>
      </testcase>
      <testcase name="Test Cases/study case 3" time="3.775" classname="Test Cases/study case 3" status="PASSED">
         <system-out><![CDATA[18-04-2024T09:43:57 - [TEST_CASE][PASSED] - Test Cases/study case 3: Test Cases/study case 3

18-04-2024T09:43:58 - [TEST_STEP][PASSED] - openBrowser(""): Browser is opened with url: ''

18-04-2024T09:43:58 - [MESSAGE][WARNING] - A browser is already opened. Closing browser and opening a new one

18-04-2024T09:43:58 - [MESSAGE][INFO] - Starting 'Chrome' driver

18-04-2024T09:43:58 - [MESSAGE][INFO] - Action delay is set to 0 milliseconds

18-04-2024T09:43:59 - [MESSAGE][PASSED] - Browser is opened with url: ''

18-04-2024T09:43:59 - [TEST_STEP][PASSED] - navigateToUrl("https://tepand51.github.io/automation-qa-test-main.io/"): Navigate to 'https://tepand51.github.io/automation-qa-test-main.io/' successfully

18-04-2024T09:43:59 - [MESSAGE][PASSED] - Navigate to 'https://tepand51.github.io/automation-qa-test-main.io/' successfully

18-04-2024T09:43:59 - [TEST_STEP][PASSED] - setText(findTestObject("Object Repository/Page_Login Page/input_Username_username"), ""): Text '' is set on object 'Object Repository/Page_Login Page/input_Username_username'

18-04-2024T09:44:00 - [MESSAGE][PASSED] - Text '' is set on object 'Object Repository/Page_Login Page/input_Username_username'

18-04-2024T09:44:00 - [TEST_STEP][PASSED] - setEncryptedText(findTestObject("Object Repository/Page_Login Page/input_Password_password"), ""): Text ****** has been set on object 'Object Repository/Page_Login Page/input_Password_password'

18-04-2024T09:44:01 - [MESSAGE][PASSED] - Text ****** has been set on object 'Object Repository/Page_Login Page/input_Password_password'

18-04-2024T09:44:01 - [TEST_STEP][PASSED] - click(findTestObject("Object Repository/Page_Login Page/button_Login")): Object: 'Object Repository/Page_Login Page/button_Login' is clicked on

18-04-2024T09:44:01 - [MESSAGE][PASSED] - Object: 'Object Repository/Page_Login Page/button_Login' is clicked on]]></system-out>
         <system-err><![CDATA[]]></system-err>
      </testcase>
      <system-out><![CDATA[18-04-2024T09:43:46 - [TEST_SUITE][PASSED] - hasil: Test Cases/study case 3]]></system-out>
      <system-err><![CDATA[]]></system-err>
   </testsuite>
</testsuites>
